  main.cpp
d:\users\seanf\source\repos\caps2\caps2\main.cpp(41): warning C4305: 'initializing': truncation from 'double' to 'float'
d:\users\seanf\source\repos\caps2\caps2\main.cpp(47): warning C4305: 'argument': truncation from 'double' to 'float'
d:\users\seanf\source\repos\caps2\caps2\main.cpp(48): warning C4305: 'argument': truncation from 'double' to 'float'
d:\users\seanf\source\repos\caps2\caps2\main.cpp(49): warning C4305: 'argument': truncation from 'double' to 'float'
d:\users\seanf\source\repos\caps2\caps2\main.cpp(50): warning C4305: 'argument': truncation from 'double' to 'float'
d:\users\seanf\source\repos\caps2\caps2\main.cpp(51): warning C4305: 'argument': truncation from 'double' to 'float'
d:\users\seanf\source\repos\caps2\caps2\main.cpp(52): warning C4305: 'argument': truncation from 'double' to 'float'
d:\users\seanf\source\repos\caps2\caps2\main.cpp(53): warning C4305: 'argument': truncation from 'double' to 'float'
d:\users\seanf\source\repos\caps2\caps2\main.cpp(54): warning C4305: 'argument': truncation from 'double' to 'float'
d:\users\seanf\source\repos\caps2\caps2\main.cpp(55): warning C4305: 'argument': truncation from 'double' to 'float'
d:\users\seanf\source\repos\caps2\caps2\main.cpp(60): warning C4305: '=': truncation from 'double' to 'float'
d:\users\seanf\source\repos\caps2\caps2\main.cpp(93): warning C4244: 'initializing': conversion from 'double' to 'float', possible loss of data
d:\users\seanf\source\repos\caps2\caps2\main.cpp(115): warning C4244: 'initializing': conversion from 'double' to 'float', possible loss of data
d:\users\seanf\source\repos\caps2\caps2\main.cpp(132): warning C4838: conversion from 'int' to 'unsigned short' requires a narrowing conversion
d:\users\seanf\source\repos\caps2\caps2\main.cpp(139): warning C4244: 'argument': conversion from 'double' to 'float', possible loss of data
d:\users\seanf\source\repos\caps2\caps2\main.cpp(140): warning C4244: 'argument': conversion from 'double' to 'float', possible loss of data
d:\users\seanf\source\repos\caps2\caps2\main.cpp(141): warning C4244: 'argument': conversion from 'double' to 'float', possible loss of data
d:\users\seanf\source\repos\caps2\caps2\main.cpp(152): warning C4305: 'argument': truncation from 'double' to 'float'
d:\users\seanf\source\repos\caps2\caps2\main.cpp(153): warning C4244: 'argument': conversion from 'double' to 'float', possible loss of data
d:\users\seanf\source\repos\caps2\caps2\main.cpp(153): warning C4305: 'argument': truncation from 'double' to 'float'
  CAPS2.vcxproj -> D:\Users\seanf\source\repos\CAPS2\Debug\CAPS2.exe
